#
# There is insufficient memory for the Java Runtime Environment to continue.
# Native memory allocation (malloc) failed to allocate 1079072 bytes for Chunk::new
# Possible reasons:
#   The system is out of physical RAM or swap space
#   The process is running with CompressedOops enabled, and the Java Heap may be blocking the growth of the native heap
# Possible solutions:
#   Reduce memory load on the system
#   Increase physical memory or swap space
#   Check if swap backing store is full
#   Decrease Java heap size (-Xmx/-Xms)
#   Decrease number of Java threads
#   Decrease Java thread stack sizes (-Xss)
#   Set larger code cache with -XX:ReservedCodeCacheSize=
#   JVM is running with Unscaled Compressed Oops mode in which the Java heap is
#     placed in the first 4GB address space. The Java Heap base address is the
#     maximum limit for the native heap growth. Please use -XX:HeapBaseMinAddress
#     to set the Java Heap base and to place the Java Heap above 4GB virtual address.
# This output file may be truncated or incomplete.
#
#  Out of Memory Error (arena.cpp:195), pid=24640, tid=33492
#
# JRE version: OpenJDK Runtime Environment (16.0.2+7) (build 16.0.2+7-67)
# Java VM: OpenJDK 64-Bit Server VM (16.0.2+7-67, mixed mode, tiered, compressed oops, compressed class ptrs, g1 gc, windows-amd64)
# No core dump will be written. Minidumps are not enabled by default on client versions of Windows
#

---------------  S U M M A R Y ------------

Command Line: -Dfile.encoding=Cp1252 -XX:+ShowCodeDetailsInExceptionMessages FProg.Main

Host: AMD Ryzen 5 4500U with Radeon Graphics         , 6 cores, 7G,  Windows 10 , 64 bit Build 19041 (10.0.19041.1202)
Time: Thu Oct 21 21:10:43 2021 Jerusalem Daylight Time elapsed time: 0.966677 seconds (0d 0h 0m 0s)

---------------  T H R E A D  ---------------

Current thread (0x0000028dcf8144b0):  JavaThread "C2 CompilerThread0" daemon [_thread_in_native, id=33492, stack(0x000000c1c9700000,0x000000c1c9800000)]


Current CompileTask:
C2:    966  765   !   4       sun.awt.image.PNGImageDecoder::produceImage (1917 bytes)

Stack: [0x000000c1c9700000,0x000000c1c9800000]
Native frames: (J=compiled Java code, j=interpreted, Vv=VM code, C=native code)
V  [jvm.dll+0x6681ca]
V  [jvm.dll+0x7c9e69]
V  [jvm.dll+0x7cb61e]
V  [jvm.dll+0x7cbc73]
V  [jvm.dll+0x242c55]
V  [jvm.dll+0xadeba]
V  [jvm.dll+0xae45c]
V  [jvm.dll+0x35a8d7]
V  [jvm.dll+0x1b9aca]
V  [jvm.dll+0x215e16]
V  [jvm.dll+0x215100]
V  [jvm.dll+0x1a1beb]
V  [jvm.dll+0x225158]
V  [jvm.dll+0x22319c]
V  [jvm.dll+0x77fa62]
V  [jvm.dll+0x7795aa]
V  [jvm.dll+0x667066]
C  [ucrtbase.dll+0x21bb2]
C  [KERNEL32.DLL+0x17034]
C  [ntdll.dll+0x52651]


---------------  P R O C E S S  ---------------

Threads class SMR info:
_java_thread_list=0x0000028dd0188080, length=17, elements={
0x0000028dced96010, 0x0000028dced96be0, 0x0000028dcf810060, 0x0000028dcf810970,
0x0000028dcf811280, 0x0000028dcf811b90, 0x0000028dcf8144b0, 0x0000028dcf816c80,
0x0000028dcf8175d0, 0x0000028dcf9afa20, 0x0000028dcf9bc820, 0x0000028dcfc60970,
0x0000028dcfc616a0, 0x0000028dcfc61fd0, 0x0000028dcfed6a20, 0x0000028dd009a2d0,
0x0000028dd0188bd0
}

Java Threads: ( => current thread )
  0x0000028dced96010 JavaThread "Reference Handler" daemon [_thread_blocked, id=25388, stack(0x000000c1c9100000,0x000000c1c9200000)]
  0x0000028dced96be0 JavaThread "Finalizer" daemon [_thread_blocked, id=29680, stack(0x000000c1c9200000,0x000000c1c9300000)]
  0x0000028dcf810060 JavaThread "Signal Dispatcher" daemon [_thread_blocked, id=29260, stack(0x000000c1c9300000,0x000000c1c9400000)]
  0x0000028dcf810970 JavaThread "Attach Listener" daemon [_thread_blocked, id=16072, stack(0x000000c1c9400000,0x000000c1c9500000)]
  0x0000028dcf811280 JavaThread "Service Thread" daemon [_thread_blocked, id=12776, stack(0x000000c1c9500000,0x000000c1c9600000)]
  0x0000028dcf811b90 JavaThread "Monitor Deflation Thread" daemon [_thread_blocked, id=34992, stack(0x000000c1c9600000,0x000000c1c9700000)]
=>0x0000028dcf8144b0 JavaThread "C2 CompilerThread0" daemon [_thread_in_native, id=33492, stack(0x000000c1c9700000,0x000000c1c9800000)]
  0x0000028dcf816c80 JavaThread "C1 CompilerThread0" daemon [_thread_in_vm, id=25064, stack(0x000000c1c9800000,0x000000c1c9900000)]
  0x0000028dcf8175d0 JavaThread "Sweeper thread" daemon [_thread_blocked, id=26764, stack(0x000000c1c9900000,0x000000c1c9a00000)]
  0x0000028dcf9afa20 JavaThread "Notification Thread" daemon [_thread_blocked, id=25892, stack(0x000000c1c9a00000,0x000000c1c9b00000)]
  0x0000028dcf9bc820 JavaThread "Common-Cleaner" daemon [_thread_blocked, id=25420, stack(0x000000c1c9c00000,0x000000c1c9d00000)]
  0x0000028dcfc60970 JavaThread "Java2D Disposer" daemon [_thread_blocked, id=30196, stack(0x000000c1c9d00000,0x000000c1c9e00000)]
  0x0000028dcfc616a0 JavaThread "AWT-Shutdown" [_thread_blocked, id=31072, stack(0x000000c1c9e00000,0x000000c1c9f00000)]
  0x0000028dcfc61fd0 JavaThread "AWT-Windows" daemon [_thread_in_native, id=25340, stack(0x000000c1c9f00000,0x000000c1ca000000)]
  0x0000028dcfed6a20 JavaThread "Image Fetcher 0" daemon [_thread_blocked, id=24292, stack(0x000000c1caa00000,0x000000c1cab00000)]
  0x0000028dd009a2d0 JavaThread "AWT-EventQueue-0" [_thread_in_vm, id=24704, stack(0x000000c1cab00000,0x000000c1cac00000)]
  0x0000028dd0188bd0 JavaThread "DestroyJavaVM" [_thread_blocked, id=16144, stack(0x000000c1c8a00000,0x000000c1c8b00000)]

Other Threads:
  0x0000028dced78030 VMThread "VM Thread" [stack: 0x000000c1c9000000,0x000000c1c9100000] [id=35260]
  0x0000028dcecfa030 WatcherThread [stack: 0x000000c1c9b00000,0x000000c1c9c00000] [id=30180]
  0x0000028db38d70b0 GCTaskThread "GC Thread#0" [stack: 0x000000c1c8b00000,0x000000c1c8c00000] [id=13576]
  0x0000028db38e7e80 ConcurrentGCThread "G1 Main Marker" [stack: 0x000000c1c8c00000,0x000000c1c8d00000] [id=2644]
  0x0000028db38e9110 ConcurrentGCThread "G1 Conc#0" [stack: 0x000000c1c8d00000,0x000000c1c8e00000] [id=29488]
  0x0000028db397e5d0 ConcurrentGCThread "G1 Refine#0" [stack: 0x000000c1c8e00000,0x000000c1c8f00000] [id=32332]
  0x0000028dcebc40b0 ConcurrentGCThread "G1 Service" [stack: 0x000000c1c8f00000,0x000000c1c9000000] [id=12408]

Threads with active compile tasks:
C2 CompilerThread0      984  765   !   4       sun.awt.image.PNGImageDecoder::produceImage (1917 bytes)
C1 CompilerThread0      984  849       2       java.util.HashMap::afterNodeRemoval (1 bytes)

VM state: not at safepoint (normal execution)

VM Mutex/Monitor currently owned by a thread:  ([mutex/lock_event])
[0x0000028db3896120] AdapterHandlerLibrary_lock - owner thread: 0x0000000000000000

Heap address: 0x0000000089c00000, size: 1892 MB, Compressed Oops mode: 32-bit

CDS disabled.
Compressed class space mapped at: 0x0000000100000000-0x0000000140000000, reserved size: 1073741824
Narrow klass base: 0x0000000000000000, Narrow klass shift: 3, Narrow klass range: 0x140000000

GC Precious Log:
 CPUs: 6 total, 6 available
 Memory: 7564M
 Large Page Support: Disabled
 NUMA Support: Disabled
 Compressed Oops: Enabled (32-bit)
 Heap Region Size: 1M
 Heap Min Capacity: 8M
 Heap Initial Capacity: 120M
 Heap Max Capacity: 1892M
 Pre-touch: Disabled
 Parallel Workers: 6
 Concurrent Workers: 2
 Concurrent Refinement Workers: 6
 Periodic GC: Disabled

Heap:
 garbage-first heap   total 122880K, used 13312K [0x0000000089c00000, 0x0000000100000000)
  region size 1024K, 10 young (10240K), 0 survivors (0K)
 Metaspace       used 14018K, committed 14208K, reserved 1064960K
  class space    used 1364K, committed 1472K, reserved 1048576K

Heap Regions: E=young(eden), S=young(survivor), O=old, HS=humongous(starts), HC=humongous(continues), CS=collection set, F=free, OA=open archive, CA=closed archive, TAMS=top-at-mark-start (previous, next)
|   0|0x0000000089c00000, 0x0000000089d00000, 0x0000000089d00000|100%|HS|  |TAMS 0x0000000089c00000, 0x0000000089c00000| Complete 
|   1|0x0000000089d00000, 0x0000000089e00000, 0x0000000089e00000|100%|HC|  |TAMS 0x0000000089d00000, 0x0000000089d00000| Complete 
|   2|0x0000000089e00000, 0x0000000089f00000, 0x0000000089f00000|100%|HS|  |TAMS 0x0000000089e00000, 0x0000000089e00000| Complete 
|   3|0x0000000089f00000, 0x000000008a000000, 0x000000008a000000|100%|HC|  |TAMS 0x0000000089f00000, 0x0000000089f00000| Complete 
|   4|0x000000008a000000, 0x000000008a000000, 0x000000008a100000|  0%| F|  |TAMS 0x000000008a000000, 0x000000008a000000| Untracked 
|   5|0x000000008a100000, 0x000000008a100000, 0x000000008a200000|  0%| F|  |TAMS 0x000000008a100000, 0x000000008a100000| Untracked 
|   6|0x000000008a200000, 0x000000008a200000, 0x000000008a300000|  0%| F|  |TAMS 0x000000008a200000, 0x000000008a200000| Untracked 
|   7|0x000000008a300000, 0x000000008a300000, 0x000000008a400000|  0%| F|  |TAMS 0x000000008a300000, 0x000000008a300000| Untracked 
|   8|0x000000008a400000, 0x000000008a400000, 0x000000008a500000|  0%| F|  |TAMS 0x000000008a400000, 0x000000008a400000| Untracked 
|   9|0x000000008a500000, 0x000000008a500000, 0x000000008a600000|  0%| F|  |TAMS 0x000000008a500000, 0x000000008a500000| Untracked 
|  10|0x000000008a600000, 0x000000008a600000, 0x000000008a700000|  0%| F|  |TAMS 0x000000008a600000, 0x000000008a600000| Untracked 
|  11|0x000000008a700000, 0x000000008a700000, 0x000000008a800000|  0%| F|  |TAMS 0x000000008a700000, 0x000000008a700000| Untracked 
|  12|0x000000008a800000, 0x000000008a800000, 0x000000008a900000|  0%| F|  |TAMS 0x000000008a800000, 0x000000008a800000| Untracked 
|  13|0x000000008a900000, 0x000000008a900000, 0x000000008aa00000|  0%| F|  |TAMS 0x000000008a900000, 0x000000008a900000| Untracked 
|  14|0x000000008aa00000, 0x000000008aa00000, 0x000000008ab00000|  0%| F|  |TAMS 0x000000008aa00000, 0x000000008aa00000| Untracked 
|  15|0x000000008ab00000, 0x000000008ab00000, 0x000000008ac00000|  0%| F|  |TAMS 0x000000008ab00000, 0x000000008ab00000| Untracked 
|  16|0x000000008ac00000, 0x000000008ac00000, 0x000000008ad00000|  0%| F|  |TAMS 0x000000008ac00000, 0x000000008ac00000| Untracked 
|  17|0x000000008ad00000, 0x000000008ad00000, 0x000000008ae00000|  0%| F|  |TAMS 0x000000008ad00000, 0x000000008ad00000| Untracked 
|  18|0x000000008ae00000, 0x000000008ae00000, 0x000000008af00000|  0%| F|  |TAMS 0x000000008ae00000, 0x000000008ae00000| Untracked 
|  19|0x000000008af00000, 0x000000008af00000, 0x000000008b000000|  0%| F|  |TAMS 0x000000008af00000, 0x000000008af00000| Untracked 
|  20|0x000000008b000000, 0x000000008b000000, 0x000000008b100000|  0%| F|  |TAMS 0x000000008b000000, 0x000000008b000000| Untracked 
|  21|0x000000008b100000, 0x000000008b100000, 0x000000008b200000|  0%| F|  |TAMS 0x000000008b100000, 0x000000008b100000| Untracked 
|  22|0x000000008b200000, 0x000000008b200000, 0x000000008b300000|  0%| F|  |TAMS 0x000000008b200000, 0x000000008b200000| Untracked 
|  23|0x000000008b300000, 0x000000008b300000, 0x000000008b400000|  0%| F|  |TAMS 0x000000008b300000, 0x000000008b300000| Untracked 
|  24|0x000000008b400000, 0x000000008b400000, 0x000000008b500000|  0%| F|  |TAMS 0x000000008b400000, 0x000000008b400000| Untracked 
|  25|0x000000008b500000, 0x000000008b500000, 0x000000008b600000|  0%| F|  |TAMS 0x000000008b500000, 0x000000008b500000| Untracked 
|  26|0x000000008b600000, 0x000000008b600000, 0x000000008b700000|  0%| F|  |TAMS 0x000000008b600000, 0x000000008b600000| Untracked 
|  27|0x000000008b700000, 0x000000008b700000, 0x000000008b800000|  0%| F|  |TAMS 0x000000008b700000, 0x000000008b700000| Untracked 
|  28|0x000000008b800000, 0x000000008b800000, 0x000000008b900000|  0%| F|  |TAMS 0x000000008b800000, 0x000000008b800000| Untracked 
|  29|0x000000008b900000, 0x000000008b900000, 0x000000008ba00000|  0%| F|  |TAMS 0x000000008b900000, 0x000000008b900000| Untracked 
|  30|0x000000008ba00000, 0x000000008ba00000, 0x000000008bb00000|  0%| F|  |TAMS 0x000000008ba00000, 0x000000008ba00000| Untracked 
|  31|0x000000008bb00000, 0x000000008bb00000, 0x000000008bc00000|  0%| F|  |TAMS 0x000000008bb00000, 0x000000008bb00000| Untracked 
|  32|0x000000008bc00000, 0x000000008bc00000, 0x000000008bd00000|  0%| F|  |TAMS 0x000000008bc00000, 0x000000008bc00000| Untracked 
|  33|0x000000008bd00000, 0x000000008bd00000, 0x000000008be00000|  0%| F|  |TAMS 0x000000008bd00000, 0x000000008bd00000| Untracked 
|  34|0x000000008be00000, 0x000000008be00000, 0x000000008bf00000|  0%| F|  |TAMS 0x000000008be00000, 0x000000008be00000| Untracked 
|  35|0x000000008bf00000, 0x000000008bf00000, 0x000000008c000000|  0%| F|  |TAMS 0x000000008bf00000, 0x000000008bf00000| Untracked 
|  36|0x000000008c000000, 0x000000008c000000, 0x000000008c100000|  0%| F|  |TAMS 0x000000008c000000, 0x000000008c000000| Untracked 
|  37|0x000000008c100000, 0x000000008c100000, 0x000000008c200000|  0%| F|  |TAMS 0x000000008c100000, 0x000000008c100000| Untracked 
|  38|0x000000008c200000, 0x000000008c200000, 0x000000008c300000|  0%| F|  |TAMS 0x000000008c200000, 0x000000008c200000| Untracked 
|  39|0x000000008c300000, 0x000000008c300000, 0x000000008c400000|  0%| F|  |TAMS 0x000000008c300000, 0x000000008c300000| Untracked 
|  40|0x000000008c400000, 0x000000008c400000, 0x000000008c500000|  0%| F|  |TAMS 0x000000008c400000, 0x000000008c400000| Untracked 
|  41|0x000000008c500000, 0x000000008c500000, 0x000000008c600000|  0%| F|  |TAMS 0x000000008c500000, 0x000000008c500000| Untracked 
|  42|0x000000008c600000, 0x000000008c600000, 0x000000008c700000|  0%| F|  |TAMS 0x000000008c600000, 0x000000008c600000| Untracked 
|  43|0x000000008c700000, 0x000000008c700000, 0x000000008c800000|  0%| F|  |TAMS 0x000000008c700000, 0x000000008c700000| Untracked 
|  44|0x000000008c800000, 0x000000008c800000, 0x000000008c900000|  0%| F|  |TAMS 0x000000008c800000, 0x000000008c800000| Untracked 
|  45|0x000000008c900000, 0x000000008c900000, 0x000000008ca00000|  0%| F|  |TAMS 0x000000008c900000, 0x000000008c900000| Untracked 
|  46|0x000000008ca00000, 0x000000008ca00000, 0x000000008cb00000|  0%| F|  |TAMS 0x000000008ca00000, 0x000000008ca00000| Untracked 
|  47|0x000000008cb00000, 0x000000008cb00000, 0x000000008cc00000|  0%| F|  |TAMS 0x000000008cb00000, 0x000000008cb00000| Untracked 
|  48|0x000000008cc00000, 0x000000008cc00000, 0x000000008cd00000|  0%| F|  |TAMS 0x000000008cc00000, 0x000000008cc00000| Untracked 
|  49|0x000000008cd00000, 0x000000008cd00000, 0x000000008ce00000|  0%| F|  |TAMS 0x000000008cd00000, 0x000000008cd00000| Untracked 
|  50|0x000000008ce00000, 0x000000008ce00000, 0x000000008cf00000|  0%| F|  |TAMS 0x000000008ce00000, 0x000000008ce00000| Untracked 
|  51|0x000000008cf00000, 0x000000008cf00000, 0x000000008d000000|  0%| F|  |TAMS 0x000000008cf00000, 0x000000008cf00000| Untracked 
|  52|0x000000008d000000, 0x000000008d000000, 0x000000008d100000|  0%| F|  |TAMS 0x000000008d000000, 0x000000008d000000| Untracked 
|  53|0x000000008d100000, 0x000000008d100000, 0x000000008d200000|  0%| F|  |TAMS 0x000000008d100000, 0x000000008d100000| Untracked 
|  54|0x000000008d200000, 0x000000008d200000, 0x000000008d300000|  0%| F|  |TAMS 0x000000008d200000, 0x000000008d200000| Untracked 
|  55|0x000000008d300000, 0x000000008d300000, 0x000000008d400000|  0%| F|  |TAMS 0x000000008d300000, 0x000000008d300000| Untracked 
|  56|0x000000008d400000, 0x000000008d400000, 0x000000008d500000|  0%| F|  |TAMS 0x000000008d400000, 0x000000008d400000| Untracked 
|  57|0x000000008d500000, 0x000000008d500000, 0x000000008d600000|  0%| F|  |TAMS 0x000000008d500000, 0x000000008d500000| Untracked 
|  58|0x000000008d600000, 0x000000008d600000, 0x000000008d700000|  0%| F|  |TAMS 0x000000008d600000, 0x000000008d600000| Untracked 
|  59|0x000000008d700000, 0x000000008d700000, 0x000000008d800000|  0%| F|  |TAMS 0x000000008d700000, 0x000000008d700000| Untracked 
|  60|0x000000008d800000, 0x000000008d800000, 0x000000008d900000|  0%| F|  |TAMS 0x000000008d800000, 0x000000008d800000| Untracked 
|  61|0x000000008d900000, 0x000000008d900000, 0x000000008da00000|  0%| F|  |TAMS 0x000000008d900000, 0x000000008d900000| Untracked 
|  62|0x000000008da00000, 0x000000008da00000, 0x000000008db00000|  0%| F|  |TAMS 0x000000008da00000, 0x000000008da00000| Untracked 
|  63|0x000000008db00000, 0x000000008db00000, 0x000000008dc00000|  0%| F|  |TAMS 0x000000008db00000, 0x000000008db00000| Untracked 
|  64|0x000000008dc00000, 0x000000008dc00000, 0x000000008dd00000|  0%| F|  |TAMS 0x000000008dc00000, 0x000000008dc00000| Untracked 
|  65|0x000000008dd00000, 0x000000008dd00000, 0x000000008de00000|  0%| F|  |TAMS 0x000000008dd00000, 0x000000008dd00000| Untracked 
|  66|0x000000008de00000, 0x000000008de00000, 0x000000008df00000|  0%| F|  |TAMS 0x000000008de00000, 0x000000008de00000| Untracked 
|  67|0x000000008df00000, 0x000000008df00000, 0x000000008e000000|  0%| F|  |TAMS 0x000000008df00000, 0x000000008df00000| Untracked 
|  68|0x000000008e000000, 0x000000008e000000, 0x000000008e100000|  0%| F|  |TAMS 0x000000008e000000, 0x000000008e000000| Untracked 
|  69|0x000000008e100000, 0x000000008e100000, 0x000000008e200000|  0%| F|  |TAMS 0x000000008e100000, 0x000000008e100000| Untracked 
|  70|0x000000008e200000, 0x000000008e200000, 0x000000008e300000|  0%| F|  |TAMS 0x000000008e200000, 0x000000008e200000| Untracked 
|  71|0x000000008e300000, 0x000000008e300000, 0x000000008e400000|  0%| F|  |TAMS 0x000000008e300000, 0x000000008e300000| Untracked 
|  72|0x000000008e400000, 0x000000008e400000, 0x000000008e500000|  0%| F|  |TAMS 0x000000008e400000, 0x000000008e400000| Untracked 
|  73|0x000000008e500000, 0x000000008e500000, 0x000000008e600000|  0%| F|  |TAMS 0x000000008e500000, 0x000000008e500000| Untracked 
|  74|0x000000008e600000, 0x000000008e600000, 0x000000008e700000|  0%| F|  |TAMS 0x000000008e600000, 0x000000008e600000| Untracked 
|  75|0x000000008e700000, 0x000000008e700000, 0x000000008e800000|  0%| F|  |TAMS 0x000000008e700000, 0x000000008e700000| Untracked 
|  76|0x000000008e800000, 0x000000008e800000, 0x000000008e900000|  0%| F|  |TAMS 0x000000008e800000, 0x000000008e800000| Untracked 
|  77|0x000000008e900000, 0x000000008e900000, 0x000000008ea00000|  0%| F|  |TAMS 0x000000008e900000, 0x000000008e900000| Untracked 
|  78|0x000000008ea00000, 0x000000008ea00000, 0x000000008eb00000|  0%| F|  |TAMS 0x000000008ea00000, 0x000000008ea00000| Untracked 
|  79|0x000000008eb00000, 0x000000008eb00000, 0x000000008ec00000|  0%| F|  |TAMS 0x000000008eb00000, 0x000000008eb00000| Untracked 
|  80|0x000000008ec00000, 0x000000008ec00000, 0x000000008ed00000|  0%| F|  |TAMS 0x000000008ec00000, 0x000000008ec00000| Untracked 
|  81|0x000000008ed00000, 0x000000008ed00000, 0x000000008ee00000|  0%| F|  |TAMS 0x000000008ed00000, 0x000000008ed00000| Untracked 
|  82|0x000000008ee00000, 0x000000008ee00000, 0x000000008ef00000|  0%| F|  |TAMS 0x000000008ee00000, 0x000000008ee00000| Untracked 
|  83|0x000000008ef00000, 0x000000008ef00000, 0x000000008f000000|  0%| F|  |TAMS 0x000000008ef00000, 0x000000008ef00000| Untracked 
|  84|0x000000008f000000, 0x000000008f000000, 0x000000008f100000|  0%| F|  |TAMS 0x000000008f000000, 0x000000008f000000| Untracked 
|  85|0x000000008f100000, 0x000000008f100000, 0x000000008f200000|  0%| F|  |TAMS 0x000000008f100000, 0x000000008f100000| Untracked 
|  86|0x000000008f200000, 0x000000008f200000, 0x000000008f300000|  0%| F|  |TAMS 0x000000008f200000, 0x000000008f200000| Untracked 
|  87|0x000000008f300000, 0x000000008f300000, 0x000000008f400000|  0%| F|  |TAMS 0x000000008f300000, 0x000000008f300000| Untracked 
|  88|0x000000008f400000, 0x000000008f400000, 0x000000008f500000|  0%| F|  |TAMS 0x000000008f400000, 0x000000008f400000| Untracked 
|  89|0x000000008f500000, 0x000000008f500000, 0x000000008f600000|  0%| F|  |TAMS 0x000000008f500000, 0x000000008f500000| Untracked 
|  90|0x000000008f600000, 0x000000008f600000, 0x000000008f700000|  0%| F|  |TAMS 0x000000008f600000, 0x000000008f600000| Untracked 
|  91|0x000000008f700000, 0x000000008f700000, 0x000000008f800000|  0%| F|  |TAMS 0x000000008f700000, 0x000000008f700000| Untracked 
|  92|0x000000008f800000, 0x000000008f800000, 0x000000008f900000|  0%| F|  |TAMS 0x000000008f800000, 0x000000008f800000| Untracked 
|  93|0x000000008f900000, 0x000000008f900000, 0x000000008fa00000|  0%| F|  |TAMS 0x000000008f900000, 0x000000008f900000| Untracked 
|  94|0x000000008fa00000, 0x000000008fa00000, 0x000000008fb00000|  0%| F|  |TAMS 0x000000008fa00000, 0x000000008fa00000| Untracked 
|  95|0x000000008fb00000, 0x000000008fb00000, 0x000000008fc00000|  0%| F|  |TAMS 0x000000008fb00000, 0x000000008fb00000| Untracked 
|  96|0x000000008fc00000, 0x000000008fc00000, 0x000000008fd00000|  0%| F|  |TAMS 0x000000008fc00000, 0x000000008fc00000| Untracked 
|  97|0x000000008fd00000, 0x000000008fd00000, 0x000000008fe00000|  0%| F|  |TAMS 0x000000008fd00000, 0x000000008fd00000| Untracked 
|  98|0x000000008fe00000, 0x000000008fe00000, 0x000000008ff00000|  0%| F|  |TAMS 0x000000008fe00000, 0x000000008fe00000| Untracked 
|  99|0x000000008ff00000, 0x000000008ff00000, 0x0000000090000000|  0%| F|  |TAMS 0x000000008ff00000, 0x000000008ff00000| Untracked 
| 100|0x0000000090000000, 0x0000000090000000, 0x0000000090100000|  0%| F|  |TAMS 0x0000000090000000, 0x0000000090000000| Untracked 
| 101|0x0000000090100000, 0x0000000090100000, 0x0000000090200000|  0%| F|  |TAMS 0x0000000090100000, 0x0000000090100000| Untracked 
| 102|0x0000000090200000, 0x0000000090200000, 0x0000000090300000|  0%| F|  |TAMS 0x0000000090200000, 0x0000000090200000| Untracked 
| 103|0x0000000090300000, 0x0000000090300000, 0x0000000090400000|  0%| F|  |TAMS 0x0000000090300000, 0x0000000090300000| Untracked 
| 104|0x0000000090400000, 0x0000000090400000, 0x0000000090500000|  0%| F|  |TAMS 0x0000000090400000, 0x0000000090400000| Untracked 
| 105|0x0000000090500000, 0x0000000090500000, 0x0000000090600000|  0%| F|  |TAMS 0x0000000090500000, 0x0000000090500000| Untracked 
| 106|0x0000000090600000, 0x0000000090600000, 0x0000000090700000|  0%| F|  |TAMS 0x0000000090600000, 0x0000000090600000| Untracked 
| 107|0x0000000090700000, 0x0000000090700000, 0x0000000090800000|  0%| F|  |TAMS 0x0000000090700000, 0x0000000090700000| Untracked 
| 108|0x0000000090800000, 0x0000000090800000, 0x0000000090900000|  0%| F|  |TAMS 0x0000000090800000, 0x0000000090800000| Untracked 
| 109|0x0000000090900000, 0x0000000090900000, 0x0000000090a00000|  0%| F|  |TAMS 0x0000000090900000, 0x0000000090900000| Untracked 
| 110|0x0000000090a00000, 0x0000000090a6c880, 0x0000000090b00000| 42%| E|  |TAMS 0x0000000090a00000, 0x0000000090a00000| Complete 
| 111|0x0000000090b00000, 0x0000000090c00000, 0x0000000090c00000|100%| E|CS|TAMS 0x0000000090b00000, 0x0000000090b00000| Complete 
| 112|0x0000000090c00000, 0x0000000090d00000, 0x0000000090d00000|100%| E|CS|TAMS 0x0000000090c00000, 0x0000000090c00000| Complete 
| 113|0x0000000090d00000, 0x0000000090e00000, 0x0000000090e00000|100%| E|CS|TAMS 0x0000000090d00000, 0x0000000090d00000| Complete 
| 114|0x0000000090e00000, 0x0000000090f00000, 0x0000000090f00000|100%| E|CS|TAMS 0x0000000090e00000, 0x0000000090e00000| Complete 
| 115|0x0000000090f00000, 0x0000000091000000, 0x0000000091000000|100%| E|CS|TAMS 0x0000000090f00000, 0x0000000090f00000| Complete 
| 116|0x0000000091000000, 0x0000000091100000, 0x0000000091100000|100%| E|CS|TAMS 0x0000000091000000, 0x0000000091000000| Complete 
| 117|0x0000000091100000, 0x0000000091200000, 0x0000000091200000|100%| E|CS|TAMS 0x0000000091100000, 0x0000000091100000| Complete 
| 118|0x0000000091200000, 0x0000000091300000, 0x0000000091300000|100%| E|CS|TAMS 0x0000000091200000, 0x0000000091200000| Complete 
| 119|0x0000000091300000, 0x0000000091400000, 0x0000000091400000|100%| E|CS|TAMS 0x0000000091300000, 0x0000000091300000| Complete 

Card table byte_map: [0x0000028dc8210000,0x0000028dc85d0000] _byte_map_base: 0x0000028dc7dc2000

Marking Bits (Prev, Next): (CMBitMap*) 0x0000028db38d87b0, (CMBitMap*) 0x0000028db38d87f0
 Prev Bits: [0x0000028dc8990000, 0x0000028dca720000)
 Next Bits: [0x0000028dca720000, 0x0000028dcc4b0000)

Polling page: 0x0000028db3980000

Metaspace:

Usage:
  Non-class:     12.42 MB used.
      Class:      1.34 MB used.
       Both:     13.76 MB used.

Virtual space:
  Non-class space:       16.00 MB reserved,      12.50 MB ( 78%) committed,  2 nodes.
      Class space:        1.00 GB reserved,       1.44 MB ( <1%) committed,  1 nodes.
              Both:        1.02 GB reserved,      13.94 MB (  1%) committed. 

Chunk freelists:
   Non-Class:  3.00 MB
       Class:  2.61 MB
        Both:  5.61 MB

MaxMetaspaceSize: 17179869184.00 GB
CompressedClassSpaceSize: 1.00 GB
 - commit_granule_bytes: 65536.
 - commit_granule_words: 8192.
 - virtual_space_node_default_size: 1048576.
 - enlarge_chunks_in_place: 1.
 - new_chunks_are_fully_committed: 0.
 - uncommit_free_chunks: 1.
 - use_allocation_guard: 0.
 - handle_deallocations: 1.


Internal statistics:

num_allocs_failed_limit: 0.
num_arena_births: 120.
num_arena_deaths: 0.
num_vsnodes_births: 3.
num_vsnodes_deaths: 0.
num_space_committed: 223.
num_space_uncommitted: 0.
num_chunks_returned_to_freelist: 0.
num_chunks_taken_from_freelist: 183.
num_chunk_merges: 0.
num_chunk_splits: 96.
num_chunks_enlarged: 42.
num_purges: 0.

CodeHeap 'non-profiled nmethods': size=120000Kb used=239Kb max_used=239Kb free=119760Kb
 bounds [0x0000028dc00d0000, 0x0000028dc0340000, 0x0000028dc7600000]
CodeHeap 'profiled nmethods': size=120000Kb used=1413Kb max_used=1413Kb free=118587Kb
 bounds [0x0000028db8ba0000, 0x0000028db8e10000, 0x0000028dc00d0000]
CodeHeap 'non-nmethods': size=5760Kb used=1251Kb max_used=1251Kb free=4508Kb
 bounds [0x0000028db8600000, 0x0000028db8870000, 0x0000028db8ba0000]
 total_blobs=1403 nmethods=838 adapters=478
 compilation: enabled
              stopped_count=0, restarted_count=0
 full_count=0

Compilation events (20 events):
Event: 0.941 Thread 0x0000028dcf816c80 nmethod 826 0x0000028db8cf9490 code [0x0000028db8cf9620, 0x0000028db8cf9778]
Event: 0.941 Thread 0x0000028dcf816c80  827       2       java.util.ArrayList::iterator (9 bytes)
Event: 0.941 Thread 0x0000028dcf816c80 nmethod 827 0x0000028db8cf9810 code [0x0000028db8cf99a0, 0x0000028db8cf9b58]
Event: 0.951 Thread 0x0000028dcf816c80  828       1       java.util.EventObject::getSource (5 bytes)
Event: 0.952 Thread 0x0000028dcf816c80 nmethod 828 0x0000028dc010ae10 code [0x0000028dc010afa0, 0x0000028dc010b078]
Event: 0.955 Thread 0x0000028dcf816c80  830       2       sun.awt.AWTAccessor::getComponentAccessor (15 bytes)
Event: 0.955 Thread 0x0000028dcf816c80 nmethod 830 0x0000028db8cf9c10 code [0x0000028db8cf9de0, 0x0000028db8cf9fe8]
Event: 0.956 Thread 0x0000028dcf816c80  831       2       sun.awt.SunToolkit::targetToAppContext (30 bytes)
Event: 0.956 Thread 0x0000028dcf816c80 nmethod 831 0x0000028db8cfa190 code [0x0000028db8cfa360, 0x0000028db8cfa618]
Event: 0.956 Thread 0x0000028dcf816c80  832       2       sun.awt.SunToolkit::getAppContext (42 bytes)
Event: 0.957 Thread 0x0000028dcf816c80 nmethod 832 0x0000028db8cfa790 code [0x0000028db8cfa9c0, 0x0000028db8cfaea8]
Event: 0.957 Thread 0x0000028dcf816c80  833       2       java.awt.Component$1::getAppContext (5 bytes)
Event: 0.957 Thread 0x0000028dcf816c80 nmethod 833 0x0000028db8cfb210 code [0x0000028db8cfb3a0, 0x0000028db8cfb4b8]
Event: 0.962 Thread 0x0000028dcf816c80  834       1       java.util.concurrent.locks.AbstractOwnableSynchronizer::getExclusiveOwnerThread (5 bytes)
Event: 0.962 Thread 0x0000028dcf816c80 nmethod 834 0x0000028dc010b610 code [0x0000028dc010b7a0, 0x0000028dc010b878]
Event: 0.964 Thread 0x0000028dcf816c80  835       1       java.awt.Component::isVisible_NoClientCode (5 bytes)
Event: 0.964 Thread 0x0000028dcf816c80 nmethod 835 0x0000028dc010b910 code [0x0000028dc010baa0, 0x0000028dc010bb78]
Event: 0.964 Thread 0x0000028dcf816c80  836       2       java.lang.StrictMath::floorOrCeil (128 bytes)
Event: 0.964 Thread 0x0000028dcf816c80 nmethod 836 0x0000028db8cfb590 code [0x0000028db8cfb740, 0x0000028db8cfb9f8]
Event: 0.965 Thread 0x0000028dcf816c80  837       2       java.lang.Math::getExponent (17 bytes)

GC Heap History (0 events):
No events

Deoptimization events (20 events):
Event: 0.900 Thread 0x0000028dcfed6a20 DEOPT PACKING pc=0x0000028db8c92f34 sp=0x000000c1caafee20
Event: 0.900 Thread 0x0000028dcfed6a20 DEOPT UNPACKING pc=0x0000028db864dece sp=0x000000c1caafe290 mode 0
Event: 0.901 Thread 0x0000028dcfed6a20 DEOPT PACKING pc=0x0000028db8c92f34 sp=0x000000c1caafee20
Event: 0.901 Thread 0x0000028dcfed6a20 DEOPT UNPACKING pc=0x0000028db864dece sp=0x000000c1caafe290 mode 0
Event: 0.901 Thread 0x0000028dcfed6a20 DEOPT PACKING pc=0x0000028db8c92f34 sp=0x000000c1caafee20
Event: 0.901 Thread 0x0000028dcfed6a20 DEOPT UNPACKING pc=0x0000028db864dece sp=0x000000c1caafe290 mode 0
Event: 0.901 Thread 0x0000028dcfed6a20 DEOPT PACKING pc=0x0000028db8c92f34 sp=0x000000c1caafee20
Event: 0.901 Thread 0x0000028dcfed6a20 DEOPT UNPACKING pc=0x0000028db864dece sp=0x000000c1caafe290 mode 0
Event: 0.902 Thread 0x0000028dcfed6a20 DEOPT PACKING pc=0x0000028db8c92eed sp=0x000000c1caafee20
Event: 0.902 Thread 0x0000028dcfed6a20 DEOPT UNPACKING pc=0x0000028db864dece sp=0x000000c1caafe290 mode 0
Event: 0.902 Thread 0x0000028dcfed6a20 DEOPT PACKING pc=0x0000028db8c92eed sp=0x000000c1caafee20
Event: 0.902 Thread 0x0000028dcfed6a20 DEOPT UNPACKING pc=0x0000028db864dece sp=0x000000c1caafe290 mode 0
Event: 0.903 Thread 0x0000028dcfed6a20 DEOPT PACKING pc=0x0000028db8c92eed sp=0x000000c1caafee20
Event: 0.903 Thread 0x0000028dcfed6a20 DEOPT UNPACKING pc=0x0000028db864dece sp=0x000000c1caafe290 mode 0
Event: 0.903 Thread 0x0000028dcfed6a20 DEOPT PACKING pc=0x0000028db8c92f34 sp=0x000000c1caafee20
Event: 0.903 Thread 0x0000028dcfed6a20 DEOPT UNPACKING pc=0x0000028db864dece sp=0x000000c1caafe290 mode 0
Event: 0.903 Thread 0x0000028dcfed6a20 Uncommon trap: trap_request=0xffffff45 fr.pc=0x0000028dc00fe320 relative=0x0000000000001760
Event: 0.903 Thread 0x0000028dcfed6a20 Uncommon trap: reason=unstable_if action=reinterpret pc=0x0000028dc00fe320 method=sun.awt.image.PNGImageDecoder.produceImage()V @ 867 c2
Event: 0.903 Thread 0x0000028dcfed6a20 DEOPT PACKING pc=0x0000028dc00fe320 sp=0x000000c1caafeea0
Event: 0.903 Thread 0x0000028dcfed6a20 DEOPT UNPACKING pc=0x0000028db864d72e sp=0x000000c1caafee00 mode 2

Classes unloaded (0 events):
No events

Classes redefined (0 events):
No events

Internal exceptions (14 events):
Event: 0.169 Thread 0x0000028db3899f90 Exception <a 'java/lang/NoSuchMethodError'{0x00000000912350c0}: 'void java.lang.invoke.DirectMethodHandle$Holder.invokeSpecial(java.lang.Object, java.lang.Object, java.lang.Object)'> (0x00000000912350c0) 
thrown [t:\workspace\open\src\hotspot\share\interpreter\linkResolver.cpp, line 790]
Event: 0.214 Thread 0x0000028db3899f90 Exception <a 'java/lang/ClassNotFoundException'{0x0000000091255838}: sun/awt/resources/spi/awtProvider> (0x0000000091255838) 
thrown [t:\workspace\open\src\hotspot\share\classfile\systemDictionary.cpp, line 256]
Event: 0.260 Thread 0x0000028db3899f90 Exception <a 'java/io/FileNotFoundException'{0x00000000912b0fa0}> (0x00000000912b0fa0) 
thrown [t:\workspace\open\src\hotspot\share\prims\jni.cpp, line 579]
Event: 0.271 Thread 0x0000028db3899f90 Exception <a 'java/io/FileNotFoundException'{0x00000000912dfb10}> (0x00000000912dfb10) 
thrown [t:\workspace\open\src\hotspot\share\prims\jni.cpp, line 579]
Event: 0.272 Thread 0x0000028db3899f90 Exception <a 'java/lang/NoSuchMethodError'{0x00000000912e0e48}: 'java.lang.Object java.lang.invoke.DirectMethodHandle$Holder.invokeStatic(java.lang.Object)'> (0x00000000912e0e48) 
thrown [t:\workspace\open\src\hotspot\share\interpreter\linkResolver.cpp, line 790]
Event: 0.346 Thread 0x0000028db3899f90 Exception <a 'java/lang/NoSuchMethodError'{0x000000009113d9e0}: 'java.lang.Object java.lang.invoke.DirectMethodHandle$Holder.invokeStaticInit(java.lang.Object)'> (0x000000009113d9e0) 
thrown [t:\workspace\open\src\hotspot\share\interpreter\linkResolver.cpp, line 790]
Event: 0.506 Thread 0x0000028db3899f90 Exception <a 'java/lang/NoSuchMethodError'{0x000000009101b788}: 'java.lang.Object java.lang.invoke.DirectMethodHandle$Holder.newInvokeSpecial(java.lang.Object, java.lang.Object, java.lang.Object, java.lang.Object, java.lang.Object)'> (0x000000009101b788) 
thrown [t:\workspace\open\src\hotspot\share\interpreter\linkResolver.cpp, line 790]
Event: 0.508 Thread 0x0000028db3899f90 Exception <a 'java/lang/NoSuchMethodError'{0x0000000091027270}: 'java.lang.Object java.lang.invoke.DirectMethodHandle$Holder.invokeStatic(java.lang.Object, int, java.lang.Object, java.lang.Object, java.lang.Object, java.lang.Object)'> (0x0000000091027270) 
thrown [t:\workspace\open\src\hotspot\share\interpreter\linkResolver.cpp, line 790]
Event: 0.514 Thread 0x0000028db3899f90 Exception <a 'java/lang/NoSuchMethodError'{0x000000009104d338}: 'java.lang.Object java.lang.invoke.DirectMethodHandle$Holder.invokeStatic(java.lang.Object, int, java.lang.Object)'> (0x000000009104d338) 
thrown [t:\workspace\open\src\hotspot\share\interpreter\linkResolver.cpp, line 790]
Event: 0.550 Thread 0x0000028db3899f90 Exception <a 'java/lang/ClassNotFoundException'{0x0000000090f05920}: com/sun/swing/internal/plaf/metal/resources/spi/metalProvider> (0x0000000090f05920) 
thrown [t:\workspace\open\src\hotspot\share\classfile\systemDictionary.cpp, line 256]
Event: 0.551 Thread 0x0000028db3899f90 Exception <a 'java/lang/ClassNotFoundException'{0x0000000090f09d98}: com/sun/swing/internal/plaf/basic/resources/spi/basicProvider> (0x0000000090f09d98) 
thrown [t:\workspace\open\src\hotspot\share\classfile\systemDictionary.cpp, line 256]
Event: 0.652 Thread 0x0000028dcfed6a20 Exception <a 'java/lang/NoSuchMethodError'{0x0000000090d0f6c0}: 'java.lang.Object java.lang.invoke.DirectMethodHandle$Holder.newInvokeSpecial(java.lang.Object, java.lang.Object, java.lang.Object, int, int, int, int, int)'> (0x0000000090d0f6c0) 
thrown [t:\workspace\open\src\hotspot\share\interpreter\linkResolver.cpp, line 790]
Event: 0.709 Thread 0x0000028db3899f90 Exception <a 'java/lang/NoSuchMethodError'{0x0000000090f32a38}: 'void java.lang.invoke.DirectMethodHandle$Holder.invokeStaticInit(java.lang.Object)'> (0x0000000090f32a38) 
thrown [t:\workspace\open\src\hotspot\share\interpreter\linkResolver.cpp, line 790]
Event: 0.722 Thread 0x0000028dcfc61fd0 Exception <a 'java/lang/NoSuchMethodError'{0x000000009117b8c0}: 'void java.lang.invoke.DirectMethodHandle$Holder.invokeVirtual(java.lang.Object, java.lang.Object)'> (0x000000009117b8c0) 
thrown [t:\workspace\open\src\hotspot\share\interpreter\linkResolver.cpp, line 790]

Events (20 events):
Event: 0.939 loading class sun/java2d/StateTrackableDelegate$1 done
Event: 0.940 loading class java/applet/Applet
Event: 0.940 loading class java/awt/Panel
Event: 0.940 loading class java/awt/Panel done
Event: 0.940 loading class java/applet/Applet done
Event: 0.949 loading class java/awt/event/MouseEvent$1
Event: 0.949 loading class sun/awt/AWTAccessor$MouseEventAccessor
Event: 0.949 loading class sun/awt/AWTAccessor$MouseEventAccessor done
Event: 0.949 loading class java/awt/event/MouseEvent$1 done
Event: 0.951 loading class sun/awt/image/BufImgSurfaceManager
Event: 0.951 loading class java/awt/Cursor$CursorDisposer
Event: 0.951 loading class sun/awt/image/BufImgSurfaceManager done
Event: 0.951 loading class java/awt/Cursor$CursorDisposer done
Event: 0.960 loading class jdk/internal/misc/TerminatingThreadLocal$1
Event: 0.960 loading class jdk/internal/misc/TerminatingThreadLocal$1 done
Event: 0.960 Thread 0x0000028db3899f90 Thread exited: 0x0000028db3899f90
Event: 0.960 Thread 0x0000028dd0188bd0 Thread added: 0x0000028dd0188bd0
Event: 0.964 loading class sun/swing/SwingUtilities2$KeyPair
Event: 0.964 loading class sun/swing/SwingUtilities2$KeyPair done
Event: 0.965 loading class sun/font/FontDesignMetrics


Dynamic libraries:
0x00007ff7fce10000 - 0x00007ff7fce1e000 	C:\Users\sharo\.p2\pool\plugins\org.eclipse.justj.openjdk.hotspot.jre.full.win32.x86_64_16.0.2.v20210721-1149\jre\bin\javaw.exe
0x00007fff20930000 - 0x00007fff20b25000 	C:\windows\SYSTEM32\ntdll.dll
0x00007fff1ef40000 - 0x00007fff1effe000 	C:\windows\System32\KERNEL32.DLL
0x00007fff1e270000 - 0x00007fff1e539000 	C:\windows\System32\KERNELBASE.dll
0x00007fff1e780000 - 0x00007fff1e880000 	C:\windows\System32\ucrtbase.dll
0x00007fff138b0000 - 0x00007fff138c9000 	C:\Users\sharo\.p2\pool\plugins\org.eclipse.justj.openjdk.hotspot.jre.full.win32.x86_64_16.0.2.v20210721-1149\jre\bin\VCRUNTIME140.dll
0x00007fff0b600000 - 0x00007fff0b618000 	C:\Users\sharo\.p2\pool\plugins\org.eclipse.justj.openjdk.hotspot.jre.full.win32.x86_64_16.0.2.v20210721-1149\jre\bin\jli.dll
0x00007fff1eaa0000 - 0x00007fff1ec41000 	C:\windows\System32\USER32.dll
0x00007fff06860000 - 0x00007fff06afa000 	C:\windows\WinSxS\amd64_microsoft.windows.common-controls_6595b64144ccf1df_6.0.19041.1110_none_60b5254171f9507e\COMCTL32.dll
0x00007fff1e130000 - 0x00007fff1e152000 	C:\windows\System32\win32u.dll
0x00007fff1edf0000 - 0x00007fff1ee8e000 	C:\windows\System32\msvcrt.dll
0x00007fff20130000 - 0x00007fff2015b000 	C:\windows\System32\GDI32.dll
0x00007fff1e160000 - 0x00007fff1e26b000 	C:\windows\System32\gdi32full.dll
0x00007fff1e8e0000 - 0x00007fff1e97d000 	C:\windows\System32\msvcp_win.dll
0x00007fff1fd30000 - 0x00007fff1fd60000 	C:\windows\System32\IMM32.DLL
0x00007fff138a0000 - 0x00007fff138ac000 	C:\Users\sharo\.p2\pool\plugins\org.eclipse.justj.openjdk.hotspot.jre.full.win32.x86_64_16.0.2.v20210721-1149\jre\bin\vcruntime140_1.dll
0x00007fff06110000 - 0x00007fff061a1000 	C:\Users\sharo\.p2\pool\plugins\org.eclipse.justj.openjdk.hotspot.jre.full.win32.x86_64_16.0.2.v20210721-1149\jre\bin\msvcp140.dll
0x00007ffecdf60000 - 0x00007ffeceb0b000 	C:\Users\sharo\.p2\pool\plugins\org.eclipse.justj.openjdk.hotspot.jre.full.win32.x86_64_16.0.2.v20210721-1149\jre\bin\server\jvm.dll
0x00007fff20840000 - 0x00007fff208ec000 	C:\windows\System32\ADVAPI32.dll
0x00007fff1f210000 - 0x00007fff1f2ab000 	C:\windows\System32\sechost.dll
0x00007fff1f2b0000 - 0x00007fff1f3da000 	C:\windows\System32\RPCRT4.dll
0x00007fff1ede0000 - 0x00007fff1ede8000 	C:\windows\System32\PSAPI.DLL
0x00007fff027f0000 - 0x00007fff027f9000 	C:\windows\SYSTEM32\WSOCK32.dll
0x00007fff15cd0000 - 0x00007fff15cda000 	C:\windows\SYSTEM32\VERSION.dll
0x00007fff200c0000 - 0x00007fff2012b000 	C:\windows\System32\WS2_32.dll
0x00007fff15ca0000 - 0x00007fff15cc7000 	C:\windows\SYSTEM32\WINMM.dll
0x00007fff1c8d0000 - 0x00007fff1c8e2000 	C:\windows\SYSTEM32\kernel.appcore.dll
0x00007fff023f0000 - 0x00007fff023fa000 	C:\Users\sharo\.p2\pool\plugins\org.eclipse.justj.openjdk.hotspot.jre.full.win32.x86_64_16.0.2.v20210721-1149\jre\bin\jimage.dll
0x00007fff1bda0000 - 0x00007fff1bf84000 	C:\windows\SYSTEM32\DBGHELP.DLL
0x00007fff0bb30000 - 0x00007fff0bb5c000 	C:\windows\SYSTEM32\dbgcore.DLL
0x00007fff1e0a0000 - 0x00007fff1e123000 	C:\windows\System32\bcryptPrimitives.dll
0x00007ffefdff0000 - 0x00007ffefe015000 	C:\Users\sharo\.p2\pool\plugins\org.eclipse.justj.openjdk.hotspot.jre.full.win32.x86_64_16.0.2.v20210721-1149\jre\bin\java.dll
0x00007ffefdb10000 - 0x00007ffefdb28000 	C:\Users\sharo\.p2\pool\plugins\org.eclipse.justj.openjdk.hotspot.jre.full.win32.x86_64_16.0.2.v20210721-1149\jre\bin\zip.dll
0x00007fff1f470000 - 0x00007fff1fbaf000 	C:\windows\System32\SHELL32.dll
0x00007fff1bf90000 - 0x00007fff1c720000 	C:\windows\SYSTEM32\windows.storage.dll
0x00007fff1fd60000 - 0x00007fff200b5000 	C:\windows\System32\combase.dll
0x00007fff1da30000 - 0x00007fff1da5c000 	C:\windows\SYSTEM32\Wldp.dll
0x00007fff1ee90000 - 0x00007fff1ef3e000 	C:\windows\System32\SHCORE.dll
0x00007fff1f3e0000 - 0x00007fff1f435000 	C:\windows\System32\shlwapi.dll
0x00007fff1df90000 - 0x00007fff1dfaf000 	C:\windows\SYSTEM32\profapi.dll
0x00007fff04d30000 - 0x00007fff04eaf000 	C:\Users\sharo\.p2\pool\plugins\org.eclipse.justj.openjdk.hotspot.jre.full.win32.x86_64_16.0.2.v20210721-1149\jre\bin\awt.dll
0x00007fff20770000 - 0x00007fff2083d000 	C:\windows\System32\OLEAUT32.dll
0x00007fff1b3a0000 - 0x00007fff1b430000 	C:\windows\SYSTEM32\apphelp.dll
0x00007fff1b7a0000 - 0x00007fff1b7cf000 	C:\windows\system32\DWMAPI.DLL
0x00007fff1b500000 - 0x00007fff1b59e000 	C:\windows\system32\uxtheme.dll
0x00007fff04c00000 - 0x00007fff04d25000 	C:\windows\system32\opengl32.dll
0x00007fff0b280000 - 0x00007fff0b2ac000 	C:\windows\SYSTEM32\GLU32.dll
0x00007fff1e980000 - 0x00007fff1ea95000 	C:\windows\System32\MSCTF.dll
0x00007fff205e0000 - 0x00007fff2070a000 	C:\windows\System32\ole32.dll
0x00007ffed2c80000 - 0x00007ffed2e4e000 	C:\windows\system32\d3d9.dll
0x00007fff15ce0000 - 0x00007fff15ebb000 	C:\windows\System32\DriverStore\FileRepository\u0369254.inf_amd64_6f1e9c11bbc40f12\B369275\aticfx64.dll
0x00007ffee35f0000 - 0x00007ffee3623000 	C:\windows\System32\DriverStore\FileRepository\u0369254.inf_amd64_6f1e9c11bbc40f12\B369275\atiu9p64.dll
0x00007ffed0310000 - 0x00007ffed106a000 	C:\windows\System32\DriverStore\FileRepository\u0369254.inf_amd64_6f1e9c11bbc40f12\B369275\atiumd64.dll
0x0000000054d00000 - 0x0000000055bcb000 	C:\windows\System32\DriverStore\FileRepository\u0369254.inf_amd64_6f1e9c11bbc40f12\B369275\atiumd6a.dll
0x00007fff1de10000 - 0x00007fff1de5b000 	C:\windows\SYSTEM32\POWRPROF.dll
0x00007fff1ddf0000 - 0x00007fff1de02000 	C:\windows\SYSTEM32\UMPDC.dll
0x00007fff136c0000 - 0x00007fff136f0000 	C:\windows\SYSTEM32\amdihk64.dll
0x00007fff15fd0000 - 0x00007fff1600b000 	C:\windows\SYSTEM32\dxcore.dll
0x00007fff1e050000 - 0x00007fff1e09e000 	C:\windows\System32\cfgmgr32.dll
0x00007fff06080000 - 0x00007fff06109000 	C:\Users\sharo\.p2\pool\plugins\org.eclipse.justj.openjdk.hotspot.jre.full.win32.x86_64_16.0.2.v20210721-1149\jre\bin\freetype.dll
0x00007fff00de0000 - 0x00007fff00ed6000 	C:\Users\sharo\.p2\pool\plugins\org.eclipse.justj.openjdk.hotspot.jre.full.win32.x86_64_16.0.2.v20210721-1149\jre\bin\harfbuzz.dll
0x00007fff09080000 - 0x00007fff09092000 	C:\Users\sharo\.p2\pool\plugins\org.eclipse.justj.openjdk.hotspot.jre.full.win32.x86_64_16.0.2.v20210721-1149\jre\bin\fontmanager.dll
0x00007fff0ec40000 - 0x00007fff0ed39000 	C:\windows\SYSTEM32\textinputframework.dll
0x00007fff1b170000 - 0x00007fff1b262000 	C:\windows\System32\CoreMessaging.dll
0x00007fff1aa90000 - 0x00007fff1adee000 	C:\windows\System32\CoreUIComponents.dll
0x00007fff1cd10000 - 0x00007fff1cd43000 	C:\windows\SYSTEM32\ntmarta.dll
0x00007fff19ab0000 - 0x00007fff19c04000 	C:\windows\SYSTEM32\wintypes.dll
0x00007ffefa900000 - 0x00007ffefa966000 	C:\windows\system32\Oleacc.dll
0x00007ffef67a0000 - 0x00007ffef67b9000 	C:\Users\sharo\.p2\pool\plugins\org.eclipse.justj.openjdk.hotspot.jre.full.win32.x86_64_16.0.2.v20210721-1149\jre\bin\net.dll
0x00007fff18660000 - 0x00007fff18768000 	C:\windows\SYSTEM32\WINHTTP.dll
0x00007fff1d730000 - 0x00007fff1d79a000 	C:\windows\system32\mswsock.dll

dbghelp: loaded successfully - version: 4.0.5 - missing functions: none
symbol engine: initialized successfully - sym options: 0x614 - pdb path: .;C:\Users\sharo\.p2\pool\plugins\org.eclipse.justj.openjdk.hotspot.jre.full.win32.x86_64_16.0.2.v20210721-1149\jre\bin;C:\windows\SYSTEM32;C:\windows\WinSxS\amd64_microsoft.windows.common-controls_6595b64144ccf1df_6.0.19041.1110_none_60b5254171f9507e;C:\Users\sharo\.p2\pool\plugins\org.eclipse.justj.openjdk.hotspot.jre.full.win32.x86_64_16.0.2.v20210721-1149\jre\bin\server;C:\windows\System32\DriverStore\FileRepository\u0369254.inf_amd64_6f1e9c11bbc40f12\B369275

VM Arguments:
jvm_args: -Dfile.encoding=Cp1252 -XX:+ShowCodeDetailsInExceptionMessages 
java_command: FProg.Main
java_class_path (initial): C:\Users\sharo\Downloads\src (1)\bin
Launcher Type: SUN_STANDARD

[Global flags]
     intx CICompilerCount                          = 3                                         {product} {ergonomic}
     uint ConcGCThreads                            = 2                                         {product} {ergonomic}
     uint G1ConcRefinementThreads                  = 6                                         {product} {ergonomic}
   size_t G1HeapRegionSize                         = 1048576                                   {product} {ergonomic}
    uintx GCDrainStackTargetSize                   = 64                                        {product} {ergonomic}
   size_t InitialHeapSize                          = 125829120                                 {product} {ergonomic}
   size_t MarkStackSize                            = 4194304                                   {product} {ergonomic}
   size_t MaxHeapSize                              = 1983905792                                {product} {ergonomic}
   size_t MaxNewSize                               = 1190133760                                {product} {ergonomic}
   size_t MinHeapDeltaBytes                        = 1048576                                   {product} {ergonomic}
   size_t MinHeapSize                              = 8388608                                   {product} {ergonomic}
    uintx NonNMethodCodeHeapSize                   = 5832780                                {pd product} {ergonomic}
    uintx NonProfiledCodeHeapSize                  = 122912730                              {pd product} {ergonomic}
    uintx ProfiledCodeHeapSize                     = 122912730                              {pd product} {ergonomic}
    uintx ReservedCodeCacheSize                    = 251658240                              {pd product} {ergonomic}
     bool SegmentedCodeCache                       = true                                      {product} {ergonomic}
     bool ShowCodeDetailsInExceptionMessages       = true                                   {manageable} {command line}
   size_t SoftMaxHeapSize                          = 1983905792                             {manageable} {ergonomic}
     bool UseCompressedClassPointers               = true                           {product lp64_product} {ergonomic}
     bool UseCompressedOops                        = true                           {product lp64_product} {ergonomic}
     bool UseG1GC                                  = true                                      {product} {ergonomic}
     bool UseLargePagesIndividualAllocation        = false                                  {pd product} {ergonomic}

Logging:
Log output configuration:
 #0: stdout all=warning uptime,level,tags
 #1: stderr all=off uptime,level,tags

Environment Variables:
PATH=C:/Users/sharo/.p2/pool/plugins/org.eclipse.justj.openjdk.hotspot.jre.full.win32.x86_64_16.0.2.v20210721-1149/jre/bin/server;C:/Users/sharo/.p2/pool/plugins/org.eclipse.justj.openjdk.hotspot.jre.full.win32.x86_64_16.0.2.v20210721-1149/jre/bin;C:\windows\system32;C:\windows;C:\windows\System32\Wbem;C:\windows\System32\WindowsPowerShell\v1.0\;C:\windows\System32\OpenSSH\;C:\Users\sharo\AppData\Local\Programs\Python\Python39\Scripts\;C:\Users\sharo\AppData\Local\Programs\Python\Python39\;C:\Users\sharo\AppData\Local\Microsoft\WindowsApps;;C:\Users\sharo\AppData\Local\Programs\Microsoft VS Code\bin;C:\Users\sharo\OneDrive\????? ??????;
USERNAME=sharo
OS=Windows_NT
PROCESSOR_IDENTIFIER=AMD64 Family 23 Model 96 Stepping 1, AuthenticAMD



---------------  S Y S T E M  ---------------

OS:
 Windows 10 , 64 bit Build 19041 (10.0.19041.1202)
OS uptime: 4 days 4:02 hours
Hyper-V role detected

CPU: total 6 (initial active 6) (6 cores per cpu, 1 threads per core) family 23 model 96 stepping 1 microcode 0x0, cx8, cmov, fxsr, mmx, 3dnowpref, sse, sse2, sse3, ssse3, sse4a, sse4.1, sse4.2, popcnt, lzcnt, tsc, tscinvbit, avx, avx2, aes, clmul, bmi1, bmi2, adx, sha, fma, vzeroupper, clflush, clflushopt, hv

Memory: 4k page, system-wide physical 7564M (359M free)
TotalPageFile size 31116M (AvailPageFile size 5M)
current process WorkingSet (physical memory assigned to process): 88M, peak: 88M
current process commit charge ("private bytes"): 237M, peak: 237M

vm_info: OpenJDK 64-Bit Server VM (16.0.2+7-67) for windows-amd64 JRE (16.0.2+7-67), built on Jun  8 2021 23:21:43 by "mach5one" with MS VC++ 16.7 (VS2019)

END.
