#
# There is insufficient memory for the Java Runtime Environment to continue.
# Native memory allocation (mmap) failed to map 125829120 bytes for G1 virtual space
# Possible reasons:
#   The system is out of physical RAM or swap space
#   The process is running with CompressedOops enabled, and the Java Heap may be blocking the growth of the native heap
# Possible solutions:
#   Reduce memory load on the system
#   Increase physical memory or swap space
#   Check if swap backing store is full
#   Decrease Java heap size (-Xmx/-Xms)
#   Decrease number of Java threads
#   Decrease Java thread stack sizes (-Xss)
#   Set larger code cache with -XX:ReservedCodeCacheSize=
#   JVM is running with Unscaled Compressed Oops mode in which the Java heap is
#     placed in the first 4GB address space. The Java Heap base address is the
#     maximum limit for the native heap growth. Please use -XX:HeapBaseMinAddress
#     to set the Java Heap base and to place the Java Heap above 4GB virtual address.
# This output file may be truncated or incomplete.
#
#  Out of Memory Error (os_windows.cpp:3466), pid=34340, tid=25952
#
# JRE version:  (16.0.2+7) (build )
# Java VM: OpenJDK 64-Bit Server VM (16.0.2+7-67, mixed mode, sharing, tiered, compressed oops, compressed class ptrs, g1 gc, windows-amd64)
# No core dump will be written. Minidumps are not enabled by default on client versions of Windows
#

---------------  S U M M A R Y ------------

Command Line: -Dfile.encoding=Cp1252 -XX:+ShowCodeDetailsInExceptionMessages FProg.Main

Host: AMD Ryzen 5 4500U with Radeon Graphics         , 6 cores, 7G,  Windows 10 , 64 bit Build 19041 (10.0.19041.1202)
Time: Thu Oct 21 21:25:25 2021 Jerusalem Daylight Time elapsed time: 0.016998 seconds (0d 0h 0m 0s)

---------------  T H R E A D  ---------------

Current thread (0x00000261fb407ae0):  JavaThread "Unknown thread" [_thread_in_vm, id=25952, stack(0x00000095f4500000,0x00000095f4600000)]

Stack: [0x00000095f4500000,0x00000095f4600000]
Native frames: (J=compiled Java code, j=interpreted, Vv=VM code, C=native code)
V  [jvm.dll+0x6681ca]
V  [jvm.dll+0x7c9e69]
V  [jvm.dll+0x7cb61e]
V  [jvm.dll+0x7cbc73]
V  [jvm.dll+0x242c55]
V  [jvm.dll+0x664f89]
V  [jvm.dll+0x659b75]
V  [jvm.dll+0x2fbfbb]
V  [jvm.dll+0x3031b6]
V  [jvm.dll+0x35299e]
V  [jvm.dll+0x352bcf]
V  [jvm.dll+0x2d3028]
V  [jvm.dll+0x2d4264]
V  [jvm.dll+0x79c741]
V  [jvm.dll+0x360791]
V  [jvm.dll+0x77a3f0]
V  [jvm.dll+0x3e4e8f]
V  [jvm.dll+0x3e6961]
C  [jli.dll+0x52fb]
C  [ucrtbase.dll+0x21bb2]
C  [KERNEL32.DLL+0x17034]
C  [ntdll.dll+0x52651]


---------------  P R O C E S S  ---------------

Threads class SMR info:
_java_thread_list=0x00007ffecea6cbb8, length=0, elements={
}

Java Threads: ( => current thread )

Other Threads:
  0x00000261fb444850 GCTaskThread "GC Thread#0" [stack: 0x00000095f4600000,0x00000095f4700000] [id=32936]
  0x00000261fb455520 ConcurrentGCThread "G1 Main Marker" [stack: 0x00000095f4700000,0x00000095f4800000] [id=30288]
  0x00000261fb456730 ConcurrentGCThread "G1 Conc#0" [stack: 0x00000095f4800000,0x00000095f4900000] [id=31672]

[error occurred during error reporting (printing all threads), id 0xc0000005, EXCEPTION_ACCESS_VIOLATION (0xc0000005) at pc=0x00007ffece243ee7]

VM state: not at safepoint (not fully initialized)

VM Mutex/Monitor currently owned by a thread:  ([mutex/lock_event])
[0x00000261fb4033d0] Heap_lock - owner thread: 0x00000261fb407ae0

Heap address: 0x0000000089c00000, size: 1892 MB, Compressed Oops mode: 32-bit

CDS archive(s) mapped at: [0x0000000000000000-0x0000000000000000-0x0000000000000000), size 0, SharedBaseAddress: 0x0000000800000000, ArchiveRelocationMode: 0.
Narrow klass base: 0x0000000000000000, Narrow klass shift: 0, Narrow klass range: 0x0

GC Precious Log:
<Empty>

Heap:
 garbage-first heap   total 0K, used 0K [0x0000000089c00000, 0x0000000100000000)
  region size 1024K, 0 young (0K), 0 survivors (0K)

[error occurred during error reporting (printing heap information), id 0xc0000005, EXCEPTION_ACCESS_VIOLATION (0xc0000005) at pc=0x00007ffece621eed]

GC Heap History (0 events):
No events

Deoptimization events (0 events):
No events

Classes unloaded (0 events):
No events

Classes redefined (0 events):
No events

Internal exceptions (0 events):
No events

Events (1 events):
Event: 0.010 Loaded shared library C:\Users\sharo\.p2\pool\plugins\org.eclipse.justj.openjdk.hotspot.jre.full.win32.x86_64_16.0.2.v20210721-1149\jre\bin\java.dll


Dynamic libraries:
0x00007ff7fce10000 - 0x00007ff7fce1e000 	C:\Users\sharo\.p2\pool\plugins\org.eclipse.justj.openjdk.hotspot.jre.full.win32.x86_64_16.0.2.v20210721-1149\jre\bin\javaw.exe
0x00007fff20930000 - 0x00007fff20b25000 	C:\windows\SYSTEM32\ntdll.dll
0x00007fff1ef40000 - 0x00007fff1effe000 	C:\windows\System32\KERNEL32.DLL
0x00007fff1e270000 - 0x00007fff1e539000 	C:\windows\System32\KERNELBASE.dll
0x00007fff1e780000 - 0x00007fff1e880000 	C:\windows\System32\ucrtbase.dll
0x00007fff0b600000 - 0x00007fff0b618000 	C:\Users\sharo\.p2\pool\plugins\org.eclipse.justj.openjdk.hotspot.jre.full.win32.x86_64_16.0.2.v20210721-1149\jre\bin\jli.dll
0x00007fff1eaa0000 - 0x00007fff1ec41000 	C:\windows\System32\USER32.dll
0x00007fff1e130000 - 0x00007fff1e152000 	C:\windows\System32\win32u.dll
0x00007fff06860000 - 0x00007fff06afa000 	C:\windows\WinSxS\amd64_microsoft.windows.common-controls_6595b64144ccf1df_6.0.19041.1110_none_60b5254171f9507e\COMCTL32.dll
0x00007fff138b0000 - 0x00007fff138c9000 	C:\Users\sharo\.p2\pool\plugins\org.eclipse.justj.openjdk.hotspot.jre.full.win32.x86_64_16.0.2.v20210721-1149\jre\bin\VCRUNTIME140.dll
0x00007fff20130000 - 0x00007fff2015b000 	C:\windows\System32\GDI32.dll
0x00007fff1edf0000 - 0x00007fff1ee8e000 	C:\windows\System32\msvcrt.dll
0x00007fff1e160000 - 0x00007fff1e26b000 	C:\windows\System32\gdi32full.dll
0x00007fff1e8e0000 - 0x00007fff1e97d000 	C:\windows\System32\msvcp_win.dll
0x00007fff1fd30000 - 0x00007fff1fd60000 	C:\windows\System32\IMM32.DLL
0x00007fff138a0000 - 0x00007fff138ac000 	C:\Users\sharo\.p2\pool\plugins\org.eclipse.justj.openjdk.hotspot.jre.full.win32.x86_64_16.0.2.v20210721-1149\jre\bin\vcruntime140_1.dll
0x00007fff06110000 - 0x00007fff061a1000 	C:\Users\sharo\.p2\pool\plugins\org.eclipse.justj.openjdk.hotspot.jre.full.win32.x86_64_16.0.2.v20210721-1149\jre\bin\msvcp140.dll
0x00007ffecdf60000 - 0x00007ffeceb0b000 	C:\Users\sharo\.p2\pool\plugins\org.eclipse.justj.openjdk.hotspot.jre.full.win32.x86_64_16.0.2.v20210721-1149\jre\bin\server\jvm.dll
0x00007fff20840000 - 0x00007fff208ec000 	C:\windows\System32\ADVAPI32.dll
0x00007fff1f210000 - 0x00007fff1f2ab000 	C:\windows\System32\sechost.dll
0x00007fff1f2b0000 - 0x00007fff1f3da000 	C:\windows\System32\RPCRT4.dll
0x00007fff1ede0000 - 0x00007fff1ede8000 	C:\windows\System32\PSAPI.DLL
0x00007fff15ca0000 - 0x00007fff15cc7000 	C:\windows\SYSTEM32\WINMM.dll
0x00007fff027f0000 - 0x00007fff027f9000 	C:\windows\SYSTEM32\WSOCK32.dll
0x00007fff200c0000 - 0x00007fff2012b000 	C:\windows\System32\WS2_32.dll
0x00007fff15cd0000 - 0x00007fff15cda000 	C:\windows\SYSTEM32\VERSION.dll
0x00007fff1c8d0000 - 0x00007fff1c8e2000 	C:\windows\SYSTEM32\kernel.appcore.dll
0x00007fff023f0000 - 0x00007fff023fa000 	C:\Users\sharo\.p2\pool\plugins\org.eclipse.justj.openjdk.hotspot.jre.full.win32.x86_64_16.0.2.v20210721-1149\jre\bin\jimage.dll
0x00007fff1bda0000 - 0x00007fff1bf84000 	C:\windows\SYSTEM32\DBGHELP.DLL
0x00007fff0bb30000 - 0x00007fff0bb5c000 	C:\windows\SYSTEM32\dbgcore.DLL
0x00007fff1e0a0000 - 0x00007fff1e123000 	C:\windows\System32\bcryptPrimitives.dll
0x00007ffefdff0000 - 0x00007ffefe015000 	C:\Users\sharo\.p2\pool\plugins\org.eclipse.justj.openjdk.hotspot.jre.full.win32.x86_64_16.0.2.v20210721-1149\jre\bin\java.dll

dbghelp: loaded successfully - version: 4.0.5 - missing functions: none
symbol engine: initialized successfully - sym options: 0x614 - pdb path: .;C:\Users\sharo\.p2\pool\plugins\org.eclipse.justj.openjdk.hotspot.jre.full.win32.x86_64_16.0.2.v20210721-1149\jre\bin;C:\windows\SYSTEM32;C:\windows\WinSxS\amd64_microsoft.windows.common-controls_6595b64144ccf1df_6.0.19041.1110_none_60b5254171f9507e;C:\Users\sharo\.p2\pool\plugins\org.eclipse.justj.openjdk.hotspot.jre.full.win32.x86_64_16.0.2.v20210721-1149\jre\bin\server

VM Arguments:
jvm_args: -Dfile.encoding=Cp1252 -XX:+ShowCodeDetailsInExceptionMessages 
java_command: FProg.Main
java_class_path (initial): C:\Users\sharo\Downloads\src (1)\bin
Launcher Type: SUN_STANDARD

[Global flags]
     intx CICompilerCount                          = 3                                         {product} {ergonomic}
     uint ConcGCThreads                            = 2                                         {product} {ergonomic}
     uint G1ConcRefinementThreads                  = 6                                         {product} {ergonomic}
   size_t G1HeapRegionSize                         = 1048576                                   {product} {ergonomic}
    uintx GCDrainStackTargetSize                   = 64                                        {product} {ergonomic}
   size_t InitialHeapSize                          = 125829120                                 {product} {ergonomic}
   size_t MarkStackSize                            = 4194304                                   {product} {ergonomic}
   size_t MaxHeapSize                              = 1983905792                                {product} {ergonomic}
   size_t MinHeapDeltaBytes                        = 1048576                                   {product} {ergonomic}
   size_t MinHeapSize                              = 8388608                                   {product} {ergonomic}
    uintx NonNMethodCodeHeapSize                   = 5832780                                {pd product} {ergonomic}
    uintx NonProfiledCodeHeapSize                  = 122912730                              {pd product} {ergonomic}
    uintx ProfiledCodeHeapSize                     = 122912730                              {pd product} {ergonomic}
    uintx ReservedCodeCacheSize                    = 251658240                              {pd product} {ergonomic}
     bool SegmentedCodeCache                       = true                                      {product} {ergonomic}
     bool ShowCodeDetailsInExceptionMessages       = true                                   {manageable} {command line}
   size_t SoftMaxHeapSize                          = 1983905792                             {manageable} {ergonomic}
     bool UseCompressedClassPointers               = true                           {product lp64_product} {ergonomic}
     bool UseCompressedOops                        = true                           {product lp64_product} {ergonomic}
     bool UseG1GC                                  = true                                      {product} {ergonomic}
     bool UseLargePagesIndividualAllocation        = false                                  {pd product} {ergonomic}

Logging:
Log output configuration:
 #0: stdout all=warning uptime,level,tags
 #1: stderr all=off uptime,level,tags

Environment Variables:
PATH=C:/Users/sharo/.p2/pool/plugins/org.eclipse.justj.openjdk.hotspot.jre.full.win32.x86_64_16.0.2.v20210721-1149/jre/bin/server;C:/Users/sharo/.p2/pool/plugins/org.eclipse.justj.openjdk.hotspot.jre.full.win32.x86_64_16.0.2.v20210721-1149/jre/bin;C:\windows\system32;C:\windows;C:\windows\System32\Wbem;C:\windows\System32\WindowsPowerShell\v1.0\;C:\windows\System32\OpenSSH\;C:\Users\sharo\AppData\Local\Programs\Python\Python39\Scripts\;C:\Users\sharo\AppData\Local\Programs\Python\Python39\;C:\Users\sharo\AppData\Local\Microsoft\WindowsApps;;C:\Users\sharo\AppData\Local\Programs\Microsoft VS Code\bin;C:\Users\sharo\OneDrive\????? ??????;
USERNAME=sharo
OS=Windows_NT
PROCESSOR_IDENTIFIER=AMD64 Family 23 Model 96 Stepping 1, AuthenticAMD



---------------  S Y S T E M  ---------------

OS:
 Windows 10 , 64 bit Build 19041 (10.0.19041.1202)
OS uptime: 4 days 4:16 hours
Hyper-V role detected

CPU: total 6 (initial active 6) (6 cores per cpu, 1 threads per core) family 23 model 96 stepping 1 microcode 0x0, cx8, cmov, fxsr, mmx, 3dnowpref, sse, sse2, sse3, ssse3, sse4a, sse4.1, sse4.2, popcnt, lzcnt, tsc, tscinvbit, avx, avx2, aes, clmul, bmi1, bmi2, adx, sha, fma, vzeroupper, clflush, clflushopt, hv

Memory: 4k page, system-wide physical 7564M (516M free)
TotalPageFile size 31116M (AvailPageFile size 30M)
current process WorkingSet (physical memory assigned to process): 10M, peak: 10M
current process commit charge ("private bytes"): 55M, peak: 175M

vm_info: OpenJDK 64-Bit Server VM (16.0.2+7-67) for windows-amd64 JRE (16.0.2+7-67), built on Jun  8 2021 23:21:43 by "mach5one" with MS VC++ 16.7 (VS2019)

END.
